d:\develop\mygithub\imageedit\imageserver\x64\debug\vc142.pdb
d:\develop\mygithub\imageedit\imageserver\x64\debug\vc142.idb
d:\develop\mygithub\imageedit\imageserver\x64\debug\memorymap.obj
d:\develop\mygithub\imageedit\imageserver\x64\debug\main.obj
d:\develop\mygithub\imageedit\imageserver\x64\debug\baseoperate.obj
d:\develop\mygithub\imageedit\imageserver\x64\debug\vcpkg.applocal.log
d:\develop\mygithub\imageedit\x64\debug\opencv_cored.dll
d:\develop\mygithub\imageedit\x64\debug\zlibd1.dll
d:\develop\mygithub\imageedit\x64\debug\opencv_highguid.dll
d:\develop\mygithub\imageedit\x64\debug\opencv_videoiod.dll
d:\develop\mygithub\imageedit\x64\debug\opencv_imgcodecsd.dll
d:\develop\mygithub\imageedit\x64\debug\opencv_imgprocd.dll
d:\develop\mygithub\imageedit\x64\debug\jpeg62.dll
d:\develop\mygithub\imageedit\x64\debug\webpd.dll
d:\develop\mygithub\imageedit\x64\debug\libpng16d.dll
d:\develop\mygithub\imageedit\x64\debug\tiffd.dll
d:\develop\mygithub\imageedit\x64\debug\lzmad.dll
d:\develop\mygithub\imageedit\x64\debug\imageserver.ilk
d:\develop\mygithub\imageedit\x64\debug\imageserver.exe
d:\develop\mygithub\imageedit\x64\debug\imageserver.pdb
d:\develop\mygithub\imageedit\imageserver\x64\debug\imageserver.tlog\cl.command.1.tlog
d:\develop\mygithub\imageedit\imageserver\x64\debug\imageserver.tlog\cl.read.1.tlog
d:\develop\mygithub\imageedit\imageserver\x64\debug\imageserver.tlog\cl.write.1.tlog
d:\develop\mygithub\imageedit\imageserver\x64\debug\imageserver.tlog\imageserver.write.1u.tlog
d:\develop\mygithub\imageedit\imageserver\x64\debug\imageserver.tlog\link.command.1.tlog
d:\develop\mygithub\imageedit\imageserver\x64\debug\imageserver.tlog\link.read.1.tlog
d:\develop\mygithub\imageedit\imageserver\x64\debug\imageserver.tlog\link.write.1.tlog
